[stem_method] Did not converge; using fallback.
[stem_method] Function not smooth around x_center; excluding 0% offset.
[stem_method] Converged with spread 8.0743e-16
[stem_method] Converged with spread 3.7956e-16
[stem_method] Did not converge; using fallback.
[stem_method] Function not smooth around x_center; excluding 0% offset.
[stem_method] Converged with spread 8.0743e-16
[stem_method] Converged with spread 3.7956e-16
[stem_method] Did not converge; using fallback.
[stem_method] Function not smooth around x_center; excluding 0% offset.
[stem_method] Converged with spread 8.0743e-16
[stem_method] Converged with spread 3.7956e-16
[stem_method] Did not converge; using fallback.
[stem_method] Function not smooth around x_center; excluding 0% offset.
[stem_method] Converged with spread 8.0743e-16
[stem_method] Converged with spread 3.7956e-16
[stem_method] Converged with spread 0.0000e+00
[stem_method] Converged with spread 0.0000e+00
[stem_method] Did not converge; using fallback.
[stem_method] Function not smooth around x_center; excluding 0% offset.
[stem_method] Converged with spread 8.0743e-16
[stem_method] Converged with spread 3.7956e-16
[stem_method] Converged with spread 0.0000e+00
[stem_method] Converged with spread 0.0000e+00
[stem_method] Did not converge; using fallback.
[stem_method] Function not smooth around x_center; excluding 0% offset.
[stem_method] Converged with spread 8.0743e-16
[stem_method] Converged with spread 3.7956e-16
[stem_method] Converged with spread 0.0000e+00
[stem_method] Converged with spread 0.0000e+00
[stem_method] Function not smooth or differentiable at x_center; excluding 0% offset.
[stem_method] Did not converge; using fallback.
[stem_method] Converged with spread 5.8433e-16
[stem_method] Converged with spread 3.7956e-16
[stem_method] Converged with spread 0.0000e+00
[stem_method] Converged with spread 0.0000e+00
[stem_method] Function not smooth or differentiable at central_value; excluding 0% offset.
[stem_method] Did not converge; using fallback.
[stem_method] Converged with spread 5.8433e-16
[stem_method] Converged with spread 3.7956e-16
