[stem_method] Function not smooth around x_center; excluding 0% offset.
[stem_method] Did not converge; using fallback.
[stem_method] Converged with spread 1.1534e-04
[stem_method] Converged with spread 6.5718e-04
[stem_method] Function not smooth around x_center; excluding 0% offset.
[stem_method] Did not converge; using fallback.
[stem_method] Converged with spread 1.1534e-04
[stem_method] Converged with spread 6.5718e-04
[stem_method] Function not smooth around x_center; excluding 0% offset.
[stem_method] Did not converge; using fallback.
[stem_method] Converged with spread 1.1534e-04
[stem_method] Converged with spread 6.5718e-04
[stem_method] Function not smooth around x_center; excluding 0% offset.
[stem_method] Did not converge; using fallback.
[stem_method] Converged with spread 1.1534e-04
[stem_method] Converged with spread 6.5718e-04
[stem_method] Function not smooth around x_center; excluding 0% offset.
[stem_method] Converged with spread 9.6864e-03
[stem_method] Function not smooth around x_center; excluding 0% offset.
[stem_method] Converged with spread 9.6864e-03
[stem_method] Function not smooth around x_center; excluding 0% offset.
[stem_method] Did not converge; using fallback.
[stem_method] Converged with spread 1.1534e-04
[stem_method] Converged with spread 6.5718e-04
[stem_method] Function not smooth around x_center; excluding 0% offset.
[stem_method] Converged with spread 9.6864e-03
[stem_method] Function not smooth around x_center; excluding 0% offset.
[stem_method] Converged with spread 9.6864e-03
[stem_method] Function not smooth around x_center; excluding 0% offset.
[stem_method] Did not converge; using fallback.
[stem_method] Converged with spread 1.1534e-04
[stem_method] Converged with spread 6.5718e-04
[stem_method] Converged with spread 3.9626e-03
[stem_method] Converged with spread 3.9626e-03
[stem_method] Function not smooth or differentiable at x_center; excluding 0% offset.
[stem_method] Did not converge; using fallback.
[stem_method] Converged with spread 1.1534e-04
[stem_method] Converged with spread 6.5718e-04
[stem_method] Converged with spread 1.0019e-02
[stem_method] Converged with spread 1.0019e-02
[stem_method] Function not smooth or differentiable at central_value; excluding 0% offset.
[stem_method] Did not converge; using fallback.
[stem_method] Converged with spread 1.1534e-04
[stem_method] Converged with spread 6.5718e-04
